<?xml version="1.0" encoding="UTF-8"?>
<testsuite xmlns:xsi="http://www.w3.org/2001/XMLSchema-instance" xsi:noNamespaceSchemaLocation="https://maven.apache.org/surefire/maven-surefire-plugin/xsd/surefire-test-report-3.0.xsd" version="3.0" name="no.ntnu.idatt1002.app.data.UserTest" time="0.027" tests="0" errors="0" skipped="0" failures="0">
  <properties>
    <property name="java.specification.version" value="17"/>
    <property name="sun.jnu.encoding" value="UTF-8"/>
    <property name="java.class.path" value="/home/ingarsa/NTNU/Systemutvikling/idatt-1002-2023-21/target/test-classes:/home/ingarsa/NTNU/Systemutvikling/idatt-1002-2023-21/target/classes:/home/ingarsa/.m2/repository/org/junit/jupiter/junit-jupiter-engine/5.9.2/junit-jupiter-engine-5.9.2.jar:/home/ingarsa/.m2/repository/org/junit/platform/junit-platform-engine/1.9.2/junit-platform-engine-1.9.2.jar:/home/ingarsa/.m2/repository/org/apiguardian/apiguardian-api/1.1.2/apiguardian-api-1.1.2.jar:/home/ingarsa/.m2/repository/org/junit/jupiter/junit-jupiter-api/5.9.2/junit-jupiter-api-5.9.2.jar:/home/ingarsa/.m2/repository/org/opentest4j/opentest4j/1.2.0/opentest4j-1.2.0.jar:/home/ingarsa/.m2/repository/org/junit/platform/junit-platform-commons/1.9.2/junit-platform-commons-1.9.2.jar:/home/ingarsa/.m2/repository/org/openjfx/javafx-controls/20-ea+9/javafx-controls-20-ea+9.jar:/home/ingarsa/.m2/repository/org/openjfx/javafx-controls/20-ea+9/javafx-controls-20-ea+9-linux.jar:/home/ingarsa/.m2/repository/org/openjfx/javafx-graphics/20-ea+9/javafx-graphics-20-ea+9.jar:/home/ingarsa/.m2/repository/org/openjfx/javafx-graphics/20-ea+9/javafx-graphics-20-ea+9-linux.jar:/home/ingarsa/.m2/repository/org/openjfx/javafx-base/20-ea+9/javafx-base-20-ea+9.jar:/home/ingarsa/.m2/repository/org/openjfx/javafx-base/20-ea+9/javafx-base-20-ea+9-linux.jar:/home/ingarsa/.m2/repository/org/openjfx/javafx-fxml/20-ea+9/javafx-fxml-20-ea+9.jar:/home/ingarsa/.m2/repository/org/openjfx/javafx-fxml/20-ea+9/javafx-fxml-20-ea+9-linux.jar:"/>
    <property name="java.vm.vendor" value="Private Build"/>
    <property name="sun.arch.data.model" value="64"/>
    <property name="java.vendor.url" value="Unknown"/>
    <property name="user.timezone" value="Europe/Oslo"/>
    <property name="os.name" value="Linux"/>
    <property name="java.vm.specification.version" value="17"/>
    <property name="sun.java.launcher" value="SUN_STANDARD"/>
    <property name="user.country" value="US"/>
    <property name="sun.boot.library.path" value="/usr/lib/jvm/java-17-openjdk-amd64/lib"/>
    <property name="sun.java.command" value="/home/ingarsa/NTNU/Systemutvikling/idatt-1002-2023-21/target/surefire/surefirebooter-20230411103848764_3.jar /home/ingarsa/NTNU/Systemutvikling/idatt-1002-2023-21/target/surefire 2023-04-11T10-38-48_571-jvmRun1 surefire-20230411103848764_1tmp surefire_0-20230411103848764_2tmp"/>
    <property name="jdk.debug" value="release"/>
    <property name="surefire.test.class.path" value="/home/ingarsa/NTNU/Systemutvikling/idatt-1002-2023-21/target/test-classes:/home/ingarsa/NTNU/Systemutvikling/idatt-1002-2023-21/target/classes:/home/ingarsa/.m2/repository/org/junit/jupiter/junit-jupiter-engine/5.9.2/junit-jupiter-engine-5.9.2.jar:/home/ingarsa/.m2/repository/org/junit/platform/junit-platform-engine/1.9.2/junit-platform-engine-1.9.2.jar:/home/ingarsa/.m2/repository/org/apiguardian/apiguardian-api/1.1.2/apiguardian-api-1.1.2.jar:/home/ingarsa/.m2/repository/org/junit/jupiter/junit-jupiter-api/5.9.2/junit-jupiter-api-5.9.2.jar:/home/ingarsa/.m2/repository/org/opentest4j/opentest4j/1.2.0/opentest4j-1.2.0.jar:/home/ingarsa/.m2/repository/org/junit/platform/junit-platform-commons/1.9.2/junit-platform-commons-1.9.2.jar:/home/ingarsa/.m2/repository/org/openjfx/javafx-controls/20-ea+9/javafx-controls-20-ea+9.jar:/home/ingarsa/.m2/repository/org/openjfx/javafx-controls/20-ea+9/javafx-controls-20-ea+9-linux.jar:/home/ingarsa/.m2/repository/org/openjfx/javafx-graphics/20-ea+9/javafx-graphics-20-ea+9.jar:/home/ingarsa/.m2/repository/org/openjfx/javafx-graphics/20-ea+9/javafx-graphics-20-ea+9-linux.jar:/home/ingarsa/.m2/repository/org/openjfx/javafx-base/20-ea+9/javafx-base-20-ea+9.jar:/home/ingarsa/.m2/repository/org/openjfx/javafx-base/20-ea+9/javafx-base-20-ea+9-linux.jar:/home/ingarsa/.m2/repository/org/openjfx/javafx-fxml/20-ea+9/javafx-fxml-20-ea+9.jar:/home/ingarsa/.m2/repository/org/openjfx/javafx-fxml/20-ea+9/javafx-fxml-20-ea+9-linux.jar:"/>
    <property name="sun.cpu.endian" value="little"/>
    <property name="user.home" value="/home/ingarsa"/>
    <property name="user.language" value="en"/>
    <property name="java.specification.vendor" value="Oracle Corporation"/>
    <property name="java.version.date" value="2023-01-17"/>
    <property name="java.home" value="/usr/lib/jvm/java-17-openjdk-amd64"/>
    <property name="file.separator" value="/"/>
    <property name="basedir" value="/home/ingarsa/NTNU/Systemutvikling/idatt-1002-2023-21"/>
    <property name="java.vm.compressedOopsMode" value="32-bit"/>
    <property name="line.separator" value="&#10;"/>
    <property name="java.vm.specification.vendor" value="Oracle Corporation"/>
    <property name="java.specification.name" value="Java Platform API Specification"/>
    <property name="surefire.real.class.path" value="/home/ingarsa/NTNU/Systemutvikling/idatt-1002-2023-21/target/surefire/surefirebooter-20230411103848764_3.jar"/>
    <property name="sun.management.compiler" value="HotSpot 64-Bit Tiered Compilers"/>
    <property name="java.runtime.version" value="17.0.6+10-Ubuntu-0ubuntu120.04.1"/>
    <property name="user.name" value="ingarsa"/>
    <property name="path.separator" value=":"/>
    <property name="os.version" value="5.15.0-69-generic"/>
    <property name="java.runtime.name" value="OpenJDK Runtime Environment"/>
    <property name="file.encoding" value="UTF-8"/>
    <property name="java.vm.name" value="OpenJDK 64-Bit Server VM"/>
    <property name="localRepository" value="/home/ingarsa/.m2/repository"/>
    <property name="java.vendor.url.bug" value="Unknown"/>
    <property name="java.io.tmpdir" value="/tmp"/>
    <property name="java.version" value="17.0.6"/>
    <property name="user.dir" value="/home/ingarsa/NTNU/Systemutvikling/idatt-1002-2023-21"/>
    <property name="os.arch" value="amd64"/>
    <property name="java.vm.specification.name" value="Java Virtual Machine Specification"/>
    <property name="native.encoding" value="UTF-8"/>
    <property name="java.library.path" value="/usr/java/packages/lib:/usr/lib/x86_64-linux-gnu/jni:/lib/x86_64-linux-gnu:/usr/lib/x86_64-linux-gnu:/usr/lib/jni:/lib:/usr/lib"/>
    <property name="java.vm.info" value="mixed mode, sharing"/>
    <property name="java.vendor" value="Private Build"/>
    <property name="java.vm.version" value="17.0.6+10-Ubuntu-0ubuntu120.04.1"/>
    <property name="sun.io.unicode.encoding" value="UnicodeLittle"/>
    <property name="java.class.version" value="61.0"/>
  </properties>
</testsuite>